<?xml version="1.0" encoding="UTF-8"?>
<testng-results skipped="0" failed="0" ignored="0" total="1" passed="1">
  <reporter-output>
    <line>
      <![CDATA[<div style="display:block;margin-left:10px;"><div  class="pass"><span class="pass-label">P </span>
Expected: &lt;true&gt;
     Actual: was &lt;true&gt; <a href="../img/testfieldSerice_pwm4d6hm4xy555428.png" target="_blank">[View Screenshot]</a> </div></div>]]>
    </line>
  </reporter-output>
  <suite name="Default suite" duration-ms="86391" started-at="2018-03-14T12:33:07Z" finished-at="2018-03-14T12:34:33Z">
    <groups>
    </groups>
    <test name="Default test" duration-ms="86391" started-at="2018-03-14T12:33:07Z" finished-at="2018-03-14T12:34:33Z">
      <class name="com.fieldservicetest.test.TestFieldServiceApp">
        <test-method status="PASS" signature="setupSuit(org.testng.ITestContext)[pri:0, instance:com.fieldservicetest.test.TestFieldServiceApp@3bd94634]" name="setupSuit" is-config="true" duration-ms="31" started-at="2018-03-14T18:03:07Z" finished-at="2018-03-14T18:03:07Z">
          <params>
            <param index="0">
              <value>
                <![CDATA[org.testng.TestRunner@1a04f701]]>
              </value>
            </param>
          </params>
          <reporter-output>
          </reporter-output>
        </test-method> <!-- setupSuit -->
        <test-method status="PASS" signature="setupTest(org.testng.ITestContext)[pri:0, instance:com.fieldservicetest.test.TestFieldServiceApp@3bd94634]" name="setupTest" is-config="true" duration-ms="2" started-at="2018-03-14T18:03:07Z" finished-at="2018-03-14T18:03:07Z">
          <params>
            <param index="0">
              <value>
                <![CDATA[org.testng.TestRunner@1a04f701]]>
              </value>
            </param>
          </params>
          <reporter-output>
          </reporter-output>
        </test-method> <!-- setupTest -->
        <test-method status="PASS" signature="setup(org.testng.ITestContext)[pri:0, instance:com.fieldservicetest.test.TestFieldServiceApp@3bd94634]" name="setup" is-config="true" duration-ms="2" started-at="2018-03-14T18:03:07Z" finished-at="2018-03-14T18:03:07Z">
          <params>
            <param index="0">
              <value>
                <![CDATA[org.testng.TestRunner@1a04f701]]>
              </value>
            </param>
          </params>
          <reporter-output>
          </reporter-output>
        </test-method> <!-- setup -->
        <test-method status="PASS" signature="setupMethod(java.lang.reflect.Method, org.testng.ITestContext)[pri:0, instance:com.fieldservicetest.test.TestFieldServiceApp@3bd94634]" name="setupMethod" is-config="true" duration-ms="1" started-at="2018-03-14T18:03:07Z" finished-at="2018-03-14T18:03:07Z">
          <params>
            <param index="0">
              <value>
                <![CDATA[public void com.fieldservicetest.test.TestFieldServiceApp.testfieldSerice()]]>
              </value>
            </param>
            <param index="1">
              <value>
                <![CDATA[org.testng.TestRunner@1a04f701]]>
              </value>
            </param>
          </params>
          <reporter-output>
          </reporter-output>
        </test-method> <!-- setupMethod -->
        <test-method status="PASS" signature="testfieldSerice()[pri:0, instance:com.fieldservicetest.test.TestFieldServiceApp@3bd94634]" name="testfieldSerice" duration-ms="64572" started-at="2018-03-14T18:03:07Z" finished-at="2018-03-14T18:04:12Z">
          <reporter-output>
            <line>
              <![CDATA[<div style="display:block;margin-left:10px;"><div  class="pass"><span class="pass-label">P </span>
Expected: &lt;true&gt;
     Actual: was &lt;true&gt; <a href="../img/testfieldSerice_pwm4d6hm4xy555428.png" target="_blank">[View Screenshot]</a> </div></div>]]>
            </line>
          </reporter-output>
        </test-method> <!-- testfieldSerice -->
        <test-method status="PASS" signature="afterMethod(org.testng.ITestContext, org.testng.ITestResult)[pri:0, instance:com.fieldservicetest.test.TestFieldServiceApp@3bd94634]" name="afterMethod" is-config="true" duration-ms="1" started-at="2018-03-14T18:04:12Z" finished-at="2018-03-14T18:04:12Z">
          <params>
            <param index="0">
              <value>
                <![CDATA[org.testng.TestRunner@1a04f701]]>
              </value>
            </param>
            <param index="1">
              <value>
                <![CDATA[[TestResult name=testfieldSerice status=SUCCESS method=TestFieldServiceApp.testfieldSerice()[pri:0, instance:com.fieldservicetest.test.TestFieldServiceApp@3bd94634] output=<div style="display:block;margin-left:10px;"><div  class="pass"><span class="pass-label">P </span>
Expected: &lt;true&gt;
     Actual: was &lt;true&gt; <a href="../img/testfieldSerice_pwm4d6hm4xy555428.png" target="_blank">[View Screenshot]</a> </div></div>]]]>
              </value>
            </param>
          </params>
          <reporter-output>
          </reporter-output>
        </test-method> <!-- afterMethod -->
        <test-method status="PASS" signature="afterClass(org.testng.ITestContext)[pri:0, instance:com.fieldservicetest.test.TestFieldServiceApp@3bd94634]" name="afterClass" is-config="true" duration-ms="1" started-at="2018-03-14T18:04:12Z" finished-at="2018-03-14T18:04:12Z">
          <params>
            <param index="0">
              <value>
                <![CDATA[org.testng.TestRunner@1a04f701]]>
              </value>
            </param>
          </params>
          <reporter-output>
          </reporter-output>
        </test-method> <!-- afterClass -->
        <test-method status="PASS" signature="afterTest(org.testng.ITestContext)[pri:0, instance:com.fieldservicetest.test.TestFieldServiceApp@3bd94634]" name="afterTest" is-config="true" duration-ms="21767" started-at="2018-03-14T18:04:12Z" finished-at="2018-03-14T18:04:33Z">
          <params>
            <param index="0">
              <value>
                <![CDATA[org.testng.TestRunner@1a04f701]]>
              </value>
            </param>
          </params>
          <reporter-output>
          </reporter-output>
        </test-method> <!-- afterTest -->
        <test-method status="PASS" signature="afterSuit(org.testng.ITestContext)[pri:0, instance:com.fieldservicetest.test.TestFieldServiceApp@3bd94634]" name="afterSuit" is-config="true" duration-ms="1" started-at="2018-03-14T18:04:34Z" finished-at="2018-03-14T18:04:34Z">
          <params>
            <param index="0">
              <value>
                <![CDATA[org.testng.TestRunner@1a04f701]]>
              </value>
            </param>
          </params>
          <reporter-output>
          </reporter-output>
        </test-method> <!-- afterSuit -->
      </class> <!-- com.fieldservicetest.test.TestFieldServiceApp -->
    </test> <!-- Default test -->
  </suite> <!-- Default suite -->
</testng-results>
